This is LuaHBTeX, Version 1.21.0 (TeX Live 2025/nixos.org)  (format=lualatex 1980.1.1)  2 DEC 2025 07:21
 restricted system commands enabled.
**main.tex
(./main.tex
LaTeX2e <2025-06-01> patch level 1
L3 programming layer <2025-06-09>
Lua module: luaotfload 2024-12-03 v3.29 Lua based OpenType font support
Lua module: lualibs 2023-07-13 v2.76 ConTeXt Lua standard libraries.
Lua module: lualibs-extended 2023-07-13 v2.76 ConTeXt Lua libraries -- extended 
collection.
luaotfload | conf : Root cache directory is "/home/sezrienne/.texlive2025/texmf-
var/luatex-cache/generic/names".
luaotfload | init : Loading fontloader "fontloader-2023-12-28.lua" from kpse-res
olved path "/nix/store/2nbqbjb168lqinhww4igfy6vg0vcychj-texlive-combined-full-20
25.20250703-texmfdist/tex/luatex/luaotfload/fontloader-2023-12-28.lua".
Lua-only attribute luaotfload@noligature = 1
luaotfload | init : Context OpenType loader version 3.134
Inserting `luaotfload.node_processor' in `pre_linebreak_filter'.
Inserting `luaotfload.node_processor' in `hpack_filter'.
Inserting `luaotfload.glyph_stream' in `glyph_stream_provider'.
Inserting `luaotfload.define_font' in `define_font'.
Lua-only attribute luaotfload_color_attribute = 2
luaotfload | conf : Root cache directory is "/home/sezrienne/.texlive2025/texmf-
var/luatex-cache/generic/names".
Inserting `luaotfload.harf.strip_prefix' in `find_opentype_file'.
Inserting `luaotfload.harf.strip_prefix' in `find_truetype_file'.
Removing  `luaotfload.glyph_stream' from `glyph_stream_provider'.
Inserting `luaotfload.harf.glyphstream' in `glyph_stream_provider'.
Inserting `luaotfload.harf.finalize_vlist' in `post_linebreak_filter'.
Inserting `luaotfload.harf.finalize_hlist' in `hpack_filter'.
Inserting `luaotfload.cleanup_files' in `wrapup_run'.
Inserting `luaotfload.harf.finalize_unicode' in `finish_pdffile'.
Inserting `luaotfload.glyphinfo' in `glyph_info'.
Lua-only attribute luaotfload.letterspace_done = 3
Inserting `luaotfload.aux.set_sscale_dimens' in `luaotfload.patch_font'.
Inserting `luaotfload.aux.set_font_index' in `luaotfload.patch_font'.
Inserting `luaotfload.aux.patch_cambria_domh' in `luaotfload.patch_font'.
Inserting `luaotfload.aux.fixup_fontdata' in `luaotfload.patch_font_unsafe'.
Inserting `luaotfload.aux.set_capheight' in `luaotfload.patch_font'.
Inserting `luaotfload.aux.set_xheight' in `luaotfload.patch_font'.
Inserting `luaotfload.rewrite_fontname' in `luaotfload.patch_font'.
Inserting `tracingstacklevels' in `input_level_string'.
(/nix/store/2nbqbjb168lqinhww4igfy6vg0vcychj-texlive-combined-full-2025.2025070
3-texmfdist/tex/latex/base/article.cls
Document Class: article 2025/01/22 v1.4n Standard LaTeX document class

(/nix/store/2nbqbjb168lqinhww4igfy6vg0vcychj-texlive-combined-full-2025.2025070
3-texmfdist/tex/latex/base/size11.clo
File: size11.clo 2025/01/22 v1.4n Standard LaTeX file (size option)
luaotfload | db : Font names database loaded from /home/sezrienne/.texlive2025/t
exmf-var/luatex-cache/generic/names/luaotfload-names.luc.gz)
\c@part=\count273
\c@section=\count274
\c@subsection=\count275
\c@subsubsection=\count276
\c@paragraph=\count277
\c@subparagraph=\count278
\c@figure=\count279
\c@table=\count280
\abovecaptionskip=\skip49
\belowcaptionskip=\skip50
\bibindent=\dimen147
)
(/nix/store/2nbqbjb168lqinhww4igfy6vg0vcychj-texlive-combined-full-2025.2025070
3-texmfdist/tex/latex/base/inputenc.sty
Package: inputenc 2024/02/08 v1.3d Input encoding file
\inpenc@prehook=\toks17
\inpenc@posthook=\toks18


Package inputenc Warning: inputenc package ignored with utf8 based engines.

)
(/nix/store/2nbqbjb168lqinhww4igfy6vg0vcychj-texlive-combined-full-2025.2025070
3-texmfdist/tex/latex/base/fontenc.sty
Package: fontenc 2024/12/21 v2.1c Standard LaTeX package
LaTeX Font Info:    Trying to load font information for T1+lmr on input line 11
6.

(/nix/store/2nbqbjb168lqinhww4igfy6vg0vcychj-texlive-combined-full-2025.2025070
3-texmfdist/tex/latex/lm/t1lmr.fd
File: t1lmr.fd 2015/05/01 v1.6.1 Font defs for Latin Modern
))
(/nix/store/2nbqbjb168lqinhww4igfy6vg0vcychj-texlive-combined-full-2025.2025070
3-texmfdist/tex/latex/geometry/geometry.sty
Package: geometry 2020/01/02 v5.9 Page Geometry

(/nix/store/2nbqbjb168lqinhww4igfy6vg0vcychj-texlive-combined-full-2025.2025070
3-texmfdist/tex/latex/graphics/keyval.sty
Package: keyval 2022/05/29 v1.15 key=value parser (DPC)
\KV@toks@=\toks19
)
(/nix/store/2nbqbjb168lqinhww4igfy6vg0vcychj-texlive-combined-full-2025.2025070
3-texmfdist/tex/generic/iftex/ifvtex.sty
Package: ifvtex 2019/10/25 v1.7 ifvtex legacy package. Use iftex instead.

(/nix/store/2nbqbjb168lqinhww4igfy6vg0vcychj-texlive-combined-full-2025.2025070
3-texmfdist/tex/generic/iftex/iftex.sty
Package: iftex 2024/12/12 v1.0g TeX engine tests
))
\Gm@cnth=\count281
\Gm@cntv=\count282
\c@Gm@tempcnt=\count283
\Gm@bindingoffset=\dimen148
\Gm@wd@mp=\dimen149
\Gm@odd@mp=\dimen150
\Gm@even@mp=\dimen151
\Gm@layoutwidth=\dimen152
\Gm@layoutheight=\dimen153
\Gm@layouthoffset=\dimen154
\Gm@layoutvoffset=\dimen155
\Gm@dimlist=\toks20
)
(/nix/store/2nbqbjb168lqinhww4igfy6vg0vcychj-texlive-combined-full-2025.2025070
3-texmfdist/tex/latex/amsmath/amsmath.sty
Package: amsmath 2025/06/16 v2.17y AMS math features
\@mathmargin=\skip51

For additional information on amsmath, use the `?' option.

(/nix/store/2nbqbjb168lqinhww4igfy6vg0vcychj-texlive-combined-full-2025.2025070
3-texmfdist/tex/latex/amsmath/amstext.sty
Package: amstext 2024/11/17 v2.01 AMS text

(/nix/store/2nbqbjb168lqinhww4igfy6vg0vcychj-texlive-combined-full-2025.2025070
3-texmfdist/tex/latex/amsmath/amsgen.sty
File: amsgen.sty 1999/11/30 v2.0 generic functions
\@emptytoks=\toks21
\ex@=\dimen156
))
(/nix/store/2nbqbjb168lqinhww4igfy6vg0vcychj-texlive-combined-full-2025.2025070
3-texmfdist/tex/latex/amsmath/amsbsy.sty
Package: amsbsy 1999/11/29 v1.2d Bold Symbols
\pmbraise@=\dimen157
)
(/nix/store/2nbqbjb168lqinhww4igfy6vg0vcychj-texlive-combined-full-2025.2025070
3-texmfdist/tex/latex/amsmath/amsopn.sty
Package: amsopn 2022/04/08 v2.04 operator names
)
\inf@bad=\count284
LaTeX Info: Redefining \frac on input line 235.
\uproot@=\count285
\leftroot@=\count286
LaTeX Info: Redefining \overline on input line 398.
LaTeX Info: Redefining \colon on input line 409.
\classnum@=\count287
\DOTSCASE@=\count288
LaTeX Info: Redefining \ldots on input line 495.
LaTeX Info: Redefining \dots on input line 498.
LaTeX Info: Redefining \cdots on input line 619.
\Mathstrutbox@=\box53
\strutbox@=\box54
LaTeX Info: Redefining \big on input line 721.
LaTeX Info: Redefining \Big on input line 722.
LaTeX Info: Redefining \bigg on input line 723.
LaTeX Info: Redefining \Bigg on input line 724.
\big@size=\dimen158
LaTeX Font Info:    Redeclaring font encoding OML on input line 742.
LaTeX Font Info:    Redeclaring font encoding OMS on input line 743.
\macc@depth=\count289
LaTeX Info: Redefining \bmod on input line 904.
LaTeX Info: Redefining \pmod on input line 909.
LaTeX Info: Redefining \smash on input line 939.
LaTeX Info: Redefining \relbar on input line 969.
LaTeX Info: Redefining \Relbar on input line 970.
\c@MaxMatrixCols=\count290
\dotsspace@=\muskip17
\c@parentequation=\count291
\dspbrk@lvl=\count292
\tag@help=\toks22
\row@=\count293
\column@=\count294
\maxfields@=\count295
\andhelp@=\toks23
\eqnshift@=\dimen159
\alignsep@=\dimen160
\tagshift@=\dimen161
\tagwidth@=\dimen162
\totwidth@=\dimen163
\lineht@=\dimen164
\@envbody=\toks24
\multlinegap=\skip52
\multlinetaggap=\skip53
\mathdisplay@stack=\toks25
LaTeX Info: Redefining \[ on input line 2949.
LaTeX Info: Redefining \] on input line 2950.
)
(/nix/store/2nbqbjb168lqinhww4igfy6vg0vcychj-texlive-combined-full-2025.2025070
3-texmfdist/tex/latex/amsfonts/amssymb.sty
Package: amssymb 2013/01/14 v3.01 AMS font symbols

(/nix/store/2nbqbjb168lqinhww4igfy6vg0vcychj-texlive-combined-full-2025.2025070
3-texmfdist/tex/latex/amsfonts/amsfonts.sty
Package: amsfonts 2013/01/14 v3.01 Basic AMSFonts support
\symAMSa=\mathgroup4
\symAMSb=\mathgroup5
LaTeX Font Info:    Redeclaring math symbol \hbar on input line 98.
LaTeX Font Info:    Overwriting math alphabet `\mathfrak' in version `bold'
(Font)                  U/euf/m/n --> U/euf/b/n on input line 106.
))
(/nix/store/2nbqbjb168lqinhww4igfy6vg0vcychj-texlive-combined-full-2025.2025070
3-texmfdist/tex/latex/graphics/graphicx.sty
Package: graphicx 2024/12/31 v1.2e Enhanced LaTeX Graphics (DPC,SPQR)

(/nix/store/2nbqbjb168lqinhww4igfy6vg0vcychj-texlive-combined-full-2025.2025070
3-texmfdist/tex/latex/graphics/graphics.sty
Package: graphics 2024/08/06 v1.4g Standard LaTeX Graphics (DPC,SPQR)

(/nix/store/2nbqbjb168lqinhww4igfy6vg0vcychj-texlive-combined-full-2025.2025070
3-texmfdist/tex/latex/graphics/trig.sty
Package: trig 2023/12/02 v1.11 sin cos tan (DPC)
)
(/nix/store/2nbqbjb168lqinhww4igfy6vg0vcychj-texlive-combined-full-2025.2025070
3-texmfdist/tex/latex/graphics-cfg/graphics.cfg
File: graphics.cfg 2016/06/04 v1.11 sample graphics configuration
)
Package graphics Info: Driver file: luatex.def on input line 106.

(/nix/store/2nbqbjb168lqinhww4igfy6vg0vcychj-texlive-combined-full-2025.2025070
3-texmfdist/tex/latex/graphics-def/luatex.def
File: luatex.def 2024/04/13 v1.2e Graphics/color driver for luatex
))
\Gin@req@height=\dimen165
\Gin@req@width=\dimen166
)
(/nix/store/2nbqbjb168lqinhww4igfy6vg0vcychj-texlive-combined-full-2025.2025070
3-texmfdist/tex/latex/booktabs/booktabs.sty
Package: booktabs 2020/01/12 v1.61803398 Publication quality tables
\heavyrulewidth=\dimen167
\lightrulewidth=\dimen168
\cmidrulewidth=\dimen169
\belowrulesep=\dimen170
\belowbottomsep=\dimen171
\aboverulesep=\dimen172
\abovetopsep=\dimen173
\cmidrulesep=\dimen174
\cmidrulekern=\dimen175
\defaultaddspace=\dimen176
\@cmidla=\count296
\@cmidlb=\count297
\@aboverulesep=\dimen177
\@belowrulesep=\dimen178
\@thisruleclass=\count298
\@lastruleclass=\count299
\@thisrulewidth=\dimen179
)
(/nix/store/2nbqbjb168lqinhww4igfy6vg0vcychj-texlive-combined-full-2025.2025070
3-texmfdist/tex/latex/float/float.sty
Package: float 2001/11/08 v1.3d Float enhancements (AL)
\c@float@type=\count300
\float@exts=\toks26
\float@box=\box55
\@float@everytoks=\toks27
\@floatcapt=\box56
)
(/nix/store/2nbqbjb168lqinhww4igfy6vg0vcychj-texlive-combined-full-2025.2025070
3-texmfdist/tex/latex/hyperref/hyperref.sty
Package: hyperref 2025-06-21 v7.01n Hypertext links for LaTeX

(/nix/store/2nbqbjb168lqinhww4igfy6vg0vcychj-texlive-combined-full-2025.2025070
3-texmfdist/tex/latex/kvsetkeys/kvsetkeys.sty
Package: kvsetkeys 2022-10-05 v1.19 Key value parser (HO)
)
(/nix/store/2nbqbjb168lqinhww4igfy6vg0vcychj-texlive-combined-full-2025.2025070
3-texmfdist/tex/generic/kvdefinekeys/kvdefinekeys.sty
Package: kvdefinekeys 2019-12-19 v1.6 Define keys (HO)
)
(/nix/store/2nbqbjb168lqinhww4igfy6vg0vcychj-texlive-combined-full-2025.2025070
3-texmfdist/tex/generic/pdfescape/pdfescape.sty
Package: pdfescape 2019/12/09 v1.15 Implements pdfTeX's escape features (HO)

(/nix/store/2nbqbjb168lqinhww4igfy6vg0vcychj-texlive-combined-full-2025.2025070
3-texmfdist/tex/generic/ltxcmds/ltxcmds.sty
Package: ltxcmds 2023-12-04 v1.26 LaTeX kernel commands for general use (HO)
)
(/nix/store/2nbqbjb168lqinhww4igfy6vg0vcychj-texlive-combined-full-2025.2025070
3-texmfdist/tex/generic/pdftexcmds/pdftexcmds.sty
Package: pdftexcmds 2020-06-27 v0.33 Utility functions of pdfTeX for LuaTeX (HO
)

(/nix/store/2nbqbjb168lqinhww4igfy6vg0vcychj-texlive-combined-full-2025.2025070
3-texmfdist/tex/generic/infwarerr/infwarerr.sty
Package: infwarerr 2019/12/03 v1.5 Providing info/warning/error messages (HO)
)
Package pdftexcmds Info: \pdf@primitive is available.
Package pdftexcmds Info: \pdf@ifprimitive is available.
Package pdftexcmds Info: \pdfdraftmode found.
\pdftexcmds@toks=\toks28
))
(/nix/store/2nbqbjb168lqinhww4igfy6vg0vcychj-texlive-combined-full-2025.2025070
3-texmfdist/tex/latex/hycolor/hycolor.sty
Package: hycolor 2020-01-27 v1.10 Color options for hyperref/bookmark (HO)
)
(/nix/store/2nbqbjb168lqinhww4igfy6vg0vcychj-texlive-combined-full-2025.2025070
3-texmfdist/tex/latex/hyperref/nameref.sty
Package: nameref 2025-06-21 v2.57 Cross-referencing by name of section

(/nix/store/2nbqbjb168lqinhww4igfy6vg0vcychj-texlive-combined-full-2025.2025070
3-texmfdist/tex/latex/refcount/refcount.sty
Package: refcount 2019/12/15 v3.6 Data extraction from label references (HO)
)
(/nix/store/2nbqbjb168lqinhww4igfy6vg0vcychj-texlive-combined-full-2025.2025070
3-texmfdist/tex/generic/gettitlestring/gettitlestring.sty
Package: gettitlestring 2019/12/15 v1.6 Cleanup title references (HO)

(/nix/store/2nbqbjb168lqinhww4igfy6vg0vcychj-texlive-combined-full-2025.2025070
3-texmfdist/tex/latex/kvoptions/kvoptions.sty
Package: kvoptions 2022-06-15 v3.15 Key value format for package options (HO)
))
\c@section@level=\count301
)
(/nix/store/2nbqbjb168lqinhww4igfy6vg0vcychj-texlive-combined-full-2025.2025070
3-texmfdist/tex/latex/etoolbox/etoolbox.sty
Package: etoolbox 2025/02/11 v2.5l e-TeX tools for LaTeX (JAW)
\etb@tempcnta=\count302
)
(/nix/store/2nbqbjb168lqinhww4igfy6vg0vcychj-texlive-combined-full-2025.2025070
3-texmfdist/tex/generic/stringenc/stringenc.sty
Package: stringenc 2019/11/29 v1.12 Convert strings between diff. encodings (HO
)
)
\@linkdim=\dimen180
\Hy@linkcounter=\count303
\Hy@pagecounter=\count304

(/nix/store/2nbqbjb168lqinhww4igfy6vg0vcychj-texlive-combined-full-2025.2025070
3-texmfdist/tex/latex/hyperref/pd1enc.def
File: pd1enc.def 2025-06-21 v7.01n Hyperref: PDFDocEncoding definition (HO)
)
(/nix/store/2nbqbjb168lqinhww4igfy6vg0vcychj-texlive-combined-full-2025.2025070
3-texmfdist/tex/generic/intcalc/intcalc.sty
Package: intcalc 2019/12/15 v1.3 Expandable calculations with integers (HO)
)
\Hy@SavedSpaceFactor=\count305

(/nix/store/2nbqbjb168lqinhww4igfy6vg0vcychj-texlive-combined-full-2025.2025070
3-texmfdist/tex/latex/hyperref/puenc.def
File: puenc.def 2025-06-21 v7.01n Hyperref: PDF Unicode definition (HO)
)
Package hyperref Info: Hyper figures OFF on input line 4181.
Package hyperref Info: Link nesting OFF on input line 4186.
Package hyperref Info: Hyper index ON on input line 4189.
Package hyperref Info: Plain pages OFF on input line 4196.
Package hyperref Info: Backreferencing OFF on input line 4201.
Package hyperref Info: Implicit mode ON; LaTeX internals redefined.
Package hyperref Info: Bookmarks ON on input line 4448.
\c@Hy@tempcnt=\count306

(/nix/store/2nbqbjb168lqinhww4igfy6vg0vcychj-texlive-combined-full-2025.2025070
3-texmfdist/tex/latex/url/url.sty
\Urlmuskip=\muskip18
Package: url 2013/09/16  ver 3.4  Verb mode for urls, etc.
)
LaTeX Info: Redefining \url on input line 4787.
\XeTeXLinkMargin=\dimen181

(/nix/store/2nbqbjb168lqinhww4igfy6vg0vcychj-texlive-combined-full-2025.2025070
3-texmfdist/tex/generic/bitset/bitset.sty
Package: bitset 2019/12/09 v1.3 Handle bit-vector datatype (HO)

(/nix/store/2nbqbjb168lqinhww4igfy6vg0vcychj-texlive-combined-full-2025.2025070
3-texmfdist/tex/generic/bigintcalc/bigintcalc.sty
Package: bigintcalc 2019/12/15 v1.5 Expandable calculations on big integers (HO
)
))
\Fld@menulength=\count307
\Field@Width=\dimen182
\Fld@charsize=\dimen183
Package hyperref Info: Hyper figures OFF on input line 6066.
Package hyperref Info: Link nesting OFF on input line 6071.
Package hyperref Info: Hyper index ON on input line 6074.
Package hyperref Info: backreferencing OFF on input line 6081.
Package hyperref Info: Link coloring OFF on input line 6086.
Package hyperref Info: Link coloring with OCG OFF on input line 6091.
Package hyperref Info: PDF/A mode OFF on input line 6096.
\Hy@abspage=\count308
\c@Item=\count309
\c@Hfootnote=\count310
)
Package hyperref Info: Driver (autodetected): hluatex.

(/nix/store/2nbqbjb168lqinhww4igfy6vg0vcychj-texlive-combined-full-2025.2025070
3-texmfdist/tex/latex/hyperref/hluatex.def
File: hluatex.def 2025-06-21 v7.01n Hyperref driver for luaTeX
\Fld@listcount=\count311
\c@bookmark@seq@number=\count312

(/nix/store/2nbqbjb168lqinhww4igfy6vg0vcychj-texlive-combined-full-2025.2025070
3-texmfdist/tex/latex/rerunfilecheck/rerunfilecheck.sty
Package: rerunfilecheck 2025-06-21 v1.11 Rerun checks for auxiliary files (HO)

(/nix/store/2nbqbjb168lqinhww4igfy6vg0vcychj-texlive-combined-full-2025.2025070
3-texmfdist/tex/generic/uniquecounter/uniquecounter.sty
Package: uniquecounter 2019/12/15 v1.4 Provide unlimited unique counter (HO)
)
Package uniquecounter Info: New unique counter `rerunfilecheck' on input line 2
84.
)
\Hy@SectionHShift=\skip54
)
(/nix/store/2nbqbjb168lqinhww4igfy6vg0vcychj-texlive-combined-full-2025.2025070
3-texmfdist/tex/latex/caption/caption.sty
Package: caption 2023/08/05 v3.6o Customizing captions (AR)

(/nix/store/2nbqbjb168lqinhww4igfy6vg0vcychj-texlive-combined-full-2025.2025070
3-texmfdist/tex/latex/caption/caption3.sty
Package: caption3 2023/07/31 v2.4d caption3 kernel (AR)
\caption@tempdima=\dimen184
\captionmargin=\dimen185
\caption@leftmargin=\dimen186
\caption@rightmargin=\dimen187
\caption@width=\dimen188
\caption@indent=\dimen189
\caption@parindent=\dimen190
\caption@hangindent=\dimen191
Package caption Info: Standard document class detected.
)
\c@caption@flags=\count313
\c@continuedfloat=\count314
Package caption Info: float package is loaded.
Package caption Info: hyperref package is loaded.
)
(/nix/store/2nbqbjb168lqinhww4igfy6vg0vcychj-texlive-combined-full-2025.2025070
3-texmfdist/tex/latex/caption/subcaption.sty
Package: subcaption 2023/07/28 v1.6b Sub-captions (AR)
Package caption Info: New subtype `subfigure' on input line 238.
\c@subfigure=\count315
Package caption Info: New subtype `subtable' on input line 238.
\c@subtable=\count316
)
(/nix/store/2nbqbjb168lqinhww4igfy6vg0vcychj-texlive-combined-full-2025.2025070
3-texmfdist/tex/latex/graphics/color.sty
Package: color 2025/01/14 v1.3e Standard LaTeX Color (DPC)

(/nix/store/2nbqbjb168lqinhww4igfy6vg0vcychj-texlive-combined-full-2025.2025070
3-texmfdist/tex/latex/graphics-cfg/color.cfg
File: color.cfg 2016/01/02 v1.6 sample color configuration
)
Package color Info: Driver file: luatex.def on input line 149.

(/nix/store/2nbqbjb168lqinhww4igfy6vg0vcychj-texlive-combined-full-2025.2025070
3-texmfdist/tex/latex/graphics/mathcolor.ltx))
(/nix/store/2nbqbjb168lqinhww4igfy6vg0vcychj-texlive-combined-full-2025.2025070
3-texmfdist/tex/latex/listings/listings.sty
\lst@mode=\count317
\lst@gtempboxa=\box57
\lst@token=\toks29
\lst@length=\count318
\lst@currlwidth=\dimen192
\lst@column=\count319
\lst@pos=\count320
\lst@lostspace=\dimen193
\lst@width=\dimen194
\lst@newlines=\count321
\lst@lineno=\count322
\lst@maxwidth=\dimen195

(/nix/store/2nbqbjb168lqinhww4igfy6vg0vcychj-texlive-combined-full-2025.2025070
3-texmfdist/tex/latex/listings/lstpatch.sty
File: lstpatch.sty 2024/09/23 1.10c (Carsten Heinz)
)
(/nix/store/2nbqbjb168lqinhww4igfy6vg0vcychj-texlive-combined-full-2025.2025070
3-texmfdist/tex/latex/listings/lstmisc.sty
File: lstmisc.sty 2024/09/23 1.10c (Carsten Heinz)
\c@lstnumber=\count323
\lst@skipnumbers=\count324
\lst@framebox=\box58
)
(/nix/store/2nbqbjb168lqinhww4igfy6vg0vcychj-texlive-combined-full-2025.2025070
3-texmfdist/tex/latex/listings/listings.cfg
File: listings.cfg 2024/09/23 1.10c listings configuration
))
Package: listings 2024/09/23 1.10c (Carsten Heinz)

(/nix/store/2nbqbjb168lqinhww4igfy6vg0vcychj-texlive-combined-full-2025.2025070
3-texmfdist/tex/latex/setspace/setspace.sty
Package: setspace 2022/12/04 v6.7b set line spacing
)
(/nix/store/2nbqbjb168lqinhww4igfy6vg0vcychj-texlive-combined-full-2025.2025070
3-texmfdist/tex/latex/l3backend/l3backend-luatex.def
File: l3backend-luatex.def 2025-06-09 L3 backend support: PDF output (LuaTeX)
\l__color_backend_stack_int=\count325
Inserting `l3color' in `luaotfload.parse_color'.) (./main.aux)
\openout1 = main.aux

LaTeX Font Info:    Checking defaults for OML/cmm/m/it on input line 20.
LaTeX Font Info:    ... okay on input line 20.
LaTeX Font Info:    Checking defaults for OMS/cmsy/m/n on input line 20.
LaTeX Font Info:    ... okay on input line 20.
LaTeX Font Info:    Checking defaults for OT1/cmr/m/n on input line 20.
LaTeX Font Info:    ... okay on input line 20.
LaTeX Font Info:    Checking defaults for T1/cmr/m/n on input line 20.
LaTeX Font Info:    ... okay on input line 20.
LaTeX Font Info:    Checking defaults for TS1/cmr/m/n on input line 20.
LaTeX Font Info:    ... okay on input line 20.
LaTeX Font Info:    Checking defaults for TU/lmr/m/n on input line 20.
LaTeX Font Info:    ... okay on input line 20.
LaTeX Font Info:    Checking defaults for OMX/cmex/m/n on input line 20.
LaTeX Font Info:    ... okay on input line 20.
LaTeX Font Info:    Checking defaults for U/cmr/m/n on input line 20.
LaTeX Font Info:    ... okay on input line 20.
LaTeX Font Info:    Checking defaults for PD1/pdf/m/n on input line 20.
LaTeX Font Info:    ... okay on input line 20.
LaTeX Font Info:    Checking defaults for PU/pdf/m/n on input line 20.
LaTeX Font Info:    ... okay on input line 20.

*geometry* driver: auto-detecting
*geometry* detected driver: luatex
*geometry* verbose mode - [ preamble ] result:
* driver: luatex
* paper: a4paper
* layout: <same size as paper>
* layoutoffset:(h,v)=(0.0pt,0.0pt)
* modes: 
* h-part:(L,W,R)=(71.13188pt, 455.24411pt, 71.13188pt)
* v-part:(T,H,B)=(71.13188pt, 702.78308pt, 71.13188pt)
* \paperwidth=597.50787pt
* \paperheight=845.04684pt
* \textwidth=455.24411pt
* \textheight=702.78308pt
* \oddsidemargin=-1.1381pt
* \evensidemargin=-1.1381pt
* \topmargin=-38.1381pt
* \headheight=12.0pt
* \headsep=25.0pt
* \topskip=11.0pt
* \footskip=30.0pt
* \marginparwidth=50.0pt
* \marginparsep=10.0pt
* \columnsep=10.0pt
* \skip\footins=10.0pt plus 4.0pt minus 2.0pt
* \hoffset=0.0pt
* \voffset=0.0pt
* \mag=1000
* \@twocolumnfalse
* \@twosidefalse
* \@mparswitchfalse
* \@reversemarginfalse
* (1in=72.27pt=25.4mm, 1cm=28.453pt)


(/nix/store/2nbqbjb168lqinhww4igfy6vg0vcychj-texlive-combined-full-2025.2025070
3-texmfdist/tex/context/base/mkii/supp-pdf.mkii
[Loading MPS to PDF converter (version 2006.09.02).]
\scratchcounter=\count326
\scratchdimen=\dimen196
\scratchbox=\box59
\nofMPsegments=\count327
\nofMParguments=\count328
\everyMPshowfont=\toks30
\MPscratchCnt=\count329
\MPscratchDim=\dimen197
\MPnumerator=\count330
\makeMPintoPDFobject=\count331
\everyMPtoPDFconversion=\toks31
)
(/nix/store/2nbqbjb168lqinhww4igfy6vg0vcychj-texlive-combined-full-2025.2025070
3-texmfdist/tex/latex/epstopdf-pkg/epstopdf-base.sty
Package: epstopdf-base 2020-01-24 v2.11 Base part for package epstopdf
Package epstopdf-base Info: Redefining graphics rule for `.eps' on input line 4
85.

(/nix/store/2nbqbjb168lqinhww4igfy6vg0vcychj-texlive-combined-full-2025.2025070
3-texmfdist/tex/latex/latexconfig/epstopdf-sys.cfg
File: epstopdf-sys.cfg 2010/07/13 v1.3 Configuration of (r)epstopdf for TeX Liv
e
))
Package hyperref Info: Link coloring OFF on input line 20.
 (./main.out) (./main.out)
\@outlinefile=\write3

\openout3 = main.out
Package caption Info: Begin \AtBeginDocument code.
Package caption Info: listings package is loaded.
Package caption Info: End \AtBeginDocument code.
\c@lstlisting=\count332
LaTeX Font Info:    Trying to load font information for U+msa on input line 33.


(/nix/store/2nbqbjb168lqinhww4igfy6vg0vcychj-texlive-combined-full-2025.2025070
3-texmfdist/tex/latex/amsfonts/umsa.fd
File: umsa.fd 2013/01/14 v3.01 AMS symbols A
)
LaTeX Font Info:    Trying to load font information for U+msb on input line 33.


(/nix/store/2nbqbjb168lqinhww4igfy6vg0vcychj-texlive-combined-full-2025.2025070
3-texmfdist/tex/latex/amsfonts/umsb.fd
File: umsb.fd 2013/01/14 v3.01 AMS symbols B
)
<Assets/Part_iii_mean_excess_function.png, id=4, 650.43pt x 361.35pt>
File: Assets/Part_iii_mean_excess_function.png Graphic file (type png)
<use Assets/Part_iii_mean_excess_function.png>
Package luatex.def Info: Assets/Part_iii_mean_excess_function.png  used on inpu
t line 53.
(luatex.def)             Requested size: 325.2142pt x 180.67456pt.


[1

{/nix/store/is0cqpv37jrl19yyv17p6h3z3s362rng-texlive-combined-full-2025.20250703
/share/texmf-var/fonts/map/pdftex/updmap/pdftex.map}]
<Assets/Part_iii_qq_plot_exceedances.png, id=29, 578.16pt x 433.62pt>
File: Assets/Part_iii_qq_plot_exceedances.png Graphic file (type png)
<use Assets/Part_iii_qq_plot_exceedances.png>
Package luatex.def Info: Assets/Part_iii_qq_plot_exceedances.png  used on input
 line 65.
(luatex.def)             Requested size: 289.07928pt x 216.80946pt.


[2<./Assets/Part_iii_mean_excess_function.png><./Assets/Part_iii_qq_plot_exceeda
nces.png>]

[3]
Underfull \hbox (badness 10000) in paragraph at lines 126--128

 []



[4] (./main.aux)
 ***********
LaTeX2e <2025-06-01> patch level 1
L3 programming layer <2025-06-09>
 ***********
Package rerunfilecheck Info: File `main.out' has not changed.
(rerunfilecheck)             Checksum: D41D8CD98F00B204E9800998ECF8427E;0.
)

Here is how much of LuaTeX's memory you used:
 13598 strings out of 470205
 100000,662416 words of node,token memory allocated
 523 words of node memory still in use:
   6 hlist, 2 vlist, 2 rule, 2 glue, 4 kern, 1 glyph, 12 attribute, 55 glue_spec
, 12 attribute_list, 1 write nodes
   avail lists: 2:686,3:190,4:24,5:429,6:41,7:5962,8:49,9:529,10:11,11:393
 41652 multiletter control sequences out of 65536+600000
 43 fonts using 2646783 bytes
 72i,9n,75p,619b,370s stack positions out of 10000i,1000n,20000p,200000b,200000s
{/nix/store/2nbqbjb168lqinhww4igfy6vg0vcychj-texlive-combined-full-2025.20250703
-texmfdist/fonts/enc/dvips/lm/lm-ec.enc}{/nix/store/2nbqbjb168lqinhww4igfy6vg0vc
ychj-texlive-combined-full-2025.20250703-texmfdist/fonts/enc/dvips/lm/lm-ts1.enc
}</nix/store/2nbqbjb168lqinhww4igfy6vg0vcychj-texlive-combined-full-2025.2025070
3-texmfdist/fonts/type1/public/amsfonts/cm/cmex10.pfb></nix/store/2nbqbjb168lqin
hww4igfy6vg0vcychj-texlive-combined-full-2025.20250703-texmfdist/fonts/type1/pub
lic/amsfonts/cm/cmmi10.pfb></nix/store/2nbqbjb168lqinhww4igfy6vg0vcychj-texlive-
combined-full-2025.20250703-texmfdist/fonts/type1/public/amsfonts/cm/cmmi6.pfb><
/nix/store/2nbqbjb168lqinhww4igfy6vg0vcychj-texlive-combined-full-2025.20250703-
texmfdist/fonts/type1/public/amsfonts/cm/cmmi8.pfb></nix/store/2nbqbjb168lqinhww
4igfy6vg0vcychj-texlive-combined-full-2025.20250703-texmfdist/fonts/type1/public
/amsfonts/cm/cmr10.pfb></nix/store/2nbqbjb168lqinhww4igfy6vg0vcychj-texlive-comb
ined-full-2025.20250703-texmfdist/fonts/type1/public/amsfonts/cm/cmr8.pfb></nix/
store/2nbqbjb168lqinhww4igfy6vg0vcychj-texlive-combined-full-2025.20250703-texmf
dist/fonts/type1/public/amsfonts/cm/cmsy10.pfb></nix/store/2nbqbjb168lqinhww4igf
y6vg0vcychj-texlive-combined-full-2025.20250703-texmfdist/fonts/type1/public/ams
fonts/cm/cmsy8.pfb></nix/store/2nbqbjb168lqinhww4igfy6vg0vcychj-texlive-combined
-full-2025.20250703-texmfdist/fonts/type1/public/lm/lmbx10.pfb></nix/store/2nbqb
jb168lqinhww4igfy6vg0vcychj-texlive-combined-full-2025.20250703-texmfdist/fonts/
type1/public/lm/lmbx12.pfb></nix/store/2nbqbjb168lqinhww4igfy6vg0vcychj-texlive-
combined-full-2025.20250703-texmfdist/fonts/type1/public/lm/lmr10.pfb></nix/stor
e/2nbqbjb168lqinhww4igfy6vg0vcychj-texlive-combined-full-2025.20250703-texmfdist
/fonts/type1/public/lm/lmri10.pfb>
Output written on main.pdf (4 pages, 249556 bytes).

PDF statistics: 99 PDF objects out of 1000 (max. 8388607)
 76 compressed objects within 1 object stream
 21 named destinations out of 1000 (max. 131072)
 1 words of extra memory for PDF output out of 10000 (max. 100000000)

